<?xml version="1.0" encoding="UTF-8"?>
<!-- Generated by org.testng.reporters.JUnitReportReporter -->
<testsuite hostname="VGUNTOJI01" failures="0" tests="5" name="com.orikan.testcases.OrikanTestcases" time="129.681" errors="0" timestamp="2024-04-24T08:01:06 IST" skipped="0">
  <testcase classname="com.orikan.testcases.OrikanTestcases" name="TC001_OrikanHomePageDefaultValidations" time="0.112"/>
  <testcase classname="com.orikan.testcases.OrikanTestcases" name="TC002_PasswordValidations" time="43.055"/>
  <testcase classname="com.orikan.testcases.OrikanTestcases" name="TC002_emailAddressPage" time="33.067"/>
  <testcase classname="com.orikan.testcases.OrikanTestcases" name="TC004_NavigateToPayment" time="6.609"/>
  <testcase classname="com.orikan.testcases.OrikanTestcases" name="TC003_ContactValidations" time="46.838"/>
</testsuite> <!-- com.orikan.testcases.OrikanTestcases -->
