<?xml version="1.0" encoding="UTF-8"?>
<!-- Generated by org.testng.reporters.JUnitReportReporter -->
<testsuite hostname="VGUNTOJI01" failures="0" tests="1" name="com.flipkart.auto.AppTest" time="14.889" errors="0" timestamp="2024-04-22T10:35:44 IST" skipped="0">
  <testcase classname="com.flipkart.auto.AppTest" name="shouldAnswerWithTrue" time="14.889"/>
</testsuite> <!-- com.flipkart.auto.AppTest -->
