<?xml version="1.0" encoding="UTF-8"?>
<!-- Generated by org.testng.reporters.JUnitReportReporter -->
<testsuite hostname="VGUNTOJI01" failures="0" tests="4" name="com.flipkart.testcases.FlipKartHomeTestcases" time="0.803" errors="0" timestamp="2024-04-22T13:10:50 IST" skipped="0">
  <testcase classname="com.flipkart.testcases.FlipKartHomeTestcases" name="TC003_FlipkartCategoriesValidations" time="0.380"/>
  <testcase classname="com.flipkart.testcases.FlipKartHomeTestcases" name="TC002_FlipkartHomePageValidations" time="0.132"/>
  <testcase classname="com.flipkart.testcases.FlipKartHomeTestcases" name="TC001_FlipkartLogo" time="0.053"/>
  <testcase classname="com.flipkart.testcases.FlipKartHomeTestcases" name="TC004_FlipkartOfferCarouselValidation" time="0.238"/>
</testsuite> <!-- com.flipkart.testcases.FlipKartHomeTestcases -->
